<testsuites id="" name="" tests="1" failures="0" skipped="0" errors="0" time="7.663066999999999">
<testsuite name="ui\logout\logout.spec.ts" timestamp="2023-12-06T13:13:59.270Z" hostname="chrome" tests="1" failures="0" skipped="0" time="1.08" errors="0">
<testcase name="Verify the working of Register Account functionality â€º TC_LG_001 &gt;&gt; Verify Logging out by selecting Logout option from My Account dropmenu" classname="ui\logout\logout.spec.ts" time="1.08">
</testcase>
</testsuite>
</testsuites>