<testsuites id="" name="" tests="1" failures="0" skipped="0" errors="0" time="5.463004999999999">
<testsuite name="special_offer\special_offer.spec.ts" timestamp="2024-01-11T07:49:17.745Z" hostname="chrome" tests="1" failures="0" skipped="0" time="0.692" errors="0">
<testcase name="Automate the &apos;special offer&apos; functionality â€º TC_SO_001 &gt;&gt;&gt; Verify navigating to &apos;Special Offers&apos; page using &apos;Specials&apos; footer link" classname="special_offer\special_offer.spec.ts" time="0.692">
</testcase>
</testsuite>
</testsuites>