<testsuites id="" name="" tests="1" failures="1" skipped="0" errors="0" time="1.144312">
<testsuite name="ui\login\login.spec.ts" timestamp="2023-09-14T06:03:41.641Z" hostname="chrome" tests="1" failures="1" skipped="0" time="0.011" errors="0">
<testcase name="Automate the login functionality › TC_LF_002 &gt;&gt; Verify logging into the Application using invalid credentials (i.e. Invalid email address and Invalid Password)" classname="ui\login\login.spec.ts" time="0.011">
<failure message="login.spec.ts:32:13 TC_LF_002 &gt;&gt; Verify logging into the Application using invalid credentials (i.e. Invalid email address and Invalid Password)" type="FAILURE">
<![CDATA[  [chrome] › ui\login\login.spec.ts:32:13 › Automate the login functionality › TC_LF_002 >> Verify logging into the Application using invalid credentials (i.e. Invalid email address and Invalid Password) 

    Error: browserType.launch: Chromium distribution 'chrome' is not found at C:\Users\91743\AppData\Local\Google\Chrome\Application\chrome.exe
    Run "npx playwright install chrome"



]]>
</failure>
</testcase>
</testsuite>
</testsuites>