<testsuites id="" name="" tests="1" failures="0" skipped="0" errors="0" time="34.591921">
<testsuite name="SFlogin\SFlogin.spec.ts" timestamp="2024-01-31T07:17:15.710Z" hostname="chrome" tests="1" failures="0" skipped="0" time="28.831" errors="0">
<testcase name="Automate the salesforce functionality â€º TC_SF_003 &gt;&gt;&gt; creating a new opportunity in sales app" classname="SFlogin\SFlogin.spec.ts" time="28.831">
</testcase>
</testsuite>
</testsuites>