<testsuites id="" name="" tests="3" failures="1" skipped="0" errors="0" time="39.470682999999994">
<testsuite name="ui/register/register.spec.ts" timestamp="2023-08-22T05:39:07.553Z" hostname="chrome" tests="3" failures="1" skipped="0" time="34.636" errors="0">
<testcase name="Verify the working of Register Account functionality register › TC_RF_001 - Verify Registering an Account by providing only the Mandatory fields" classname="ui/register/register.spec.ts" time="2.507">
</testcase>
<testcase name="Verify the working of Register Account functionality register › TC_RF_005 -Verify Registering an Account when Yes option is selected for Newsletter field" classname="ui/register/register.spec.ts" time="2.129">
</testcase>
<testcase name="Verify the working of Register Account functionality register › TC_RF_003 - Verify proper notification messages are displayed for the mandatory fields, when you dont provide any fields in the Register Account page and submit" classname="ui/register/register.spec.ts" time="30">
<failure message="register.spec.ts:54:13 TC_RF_003 - Verify proper notification messages are displayed for the mandatory fields, when you dont provide any fields in the Register Account page and submit" type="FAILURE">
<![CDATA[  [chrome] › ui/register/register.spec.ts:54:13 › Verify the working of Register Account functionality register › TC_RF_003 - Verify proper notification messages are displayed for the mandatory fields, when you dont provide any fields in the Register Account page and submit 

    Test timeout of 30000ms exceeded.

    Error: locator.waitFor: Page closed
    =========================== logs ===========================
    waiting for getByText('Telephone must be between 3 and 32 character!') to be visible
    ============================================================

       at ../pages/register/resgister.page.ts:84

      82 |     }
      83 |     async verifyTelephoneErrorMsg() {
    > 84 |         await this.telephoneErrorMsg.waitFor({ state: "visible" });
         |                                      ^
      85 |         await this.telephoneErrorMsg.isVisible();
      86 |         return true;
      87 |     }

        at RegisterPage.verifyTelephoneErrorMsg (/Users/mohitjangra/Documents/VS Code/Playwright_SF/Aethereus_Playwright/tests/pages/register/resgister.page.ts:84:38)
        at /Users/mohitjangra/Documents/VS Code/Playwright_SF/Aethereus_Playwright/tests/specs/ui/register/register.spec.ts:62:28

    attachment #1: screenshot (image/png) ──────────────────────────────────────────────────────────
    test-results/ui-register-register-Verify-the-working-of-Reg-e2759--fields-in-the-Register-Account-page-and-submit-chrome/test-failed-1.png
    ────────────────────────────────────────────────────────────────────────────────────────────────

    attachment #2: screenshot (image/png) ──────────────────────────────────────────────────────────
    test-results/ui-register-register-Verify-the-working-of-Reg-e2759--fields-in-the-Register-Account-page-and-submit-chrome/test-failed-2.png
    ────────────────────────────────────────────────────────────────────────────────────────────────
]]>
</failure>
<system-out>
<![CDATA[
[[ATTACHMENT|../../test-results/ui-register-register-Verify-the-working-of-Reg-e2759--fields-in-the-Register-Account-page-and-submit-chrome/test-failed-1.png]]

[[ATTACHMENT|../../test-results/ui-register-register-Verify-the-working-of-Reg-e2759--fields-in-the-Register-Account-page-and-submit-chrome/test-failed-2.png]]
]]>
</system-out>
</testcase>
</testsuite>
</testsuites>